2017-11-17 00:19:19,245:INFO:discord.client: on_ready has successfully been registered as an event
2017-11-17 00:19:19,245:INFO:discord.client: logging in using static token
2017-11-17 00:19:19,583:DEBUG:discord.http: GET https://discordapp.com/api/v6/users/@me with None has returned 200
2017-11-17 00:19:19,583:DEBUG:discord.http: GET https://discordapp.com/api/v6/users/@me has received {'username': 'Xayah', 'verified': True, 'mfa_enabled': True, 'bot': True, 'id': '346298465267220482', 'avatar': '538ee9db267783625dac42e4bcaf0467', 'discriminator': '9488', 'email': None}
2017-11-17 00:19:19,615:DEBUG:discord.http: GET https://discordapp.com/api/v6/gateway with None has returned 200
2017-11-17 00:19:19,616:DEBUG:discord.http: GET https://discordapp.com/api/v6/gateway has received {'url': 'wss://gateway.discord.gg'}
2017-11-17 00:19:19,917:INFO:discord.gateway: Created websocket connected to wss://gateway.discord.gg?encoding=json&v=6
2017-11-17 00:19:19,917:DEBUG:discord.client: Dispatching event socket_raw_receive
2017-11-17 00:19:19,917:DEBUG:discord.gateway: WebSocket Event: {'t': None, 's': None, 'op': 10, 'd': {'heartbeat_interval': 41250, '_trace': ['gateway-prd-main-7cr7']}}
2017-11-17 00:19:19,918:DEBUG:discord.client: Dispatching event socket_response
2017-11-17 00:19:19,919:INFO:discord.gateway: sent the identify payload to create the websocket
2017-11-17 00:19:20,038:DEBUG:discord.client: Dispatching event socket_raw_receive
2017-11-17 00:19:20,039:DEBUG:discord.gateway: WebSocket Event: {'t': 'READY', 's': 1, 'op': 0, 'd': {'v': 6, 'user_settings': {}, 'user': {'verified': True, 'username': 'Xayah', 'mfa_enabled': True, 'id': '346298465267220482', 'email': None, 'discriminator': '9488', 'bot': True, 'avatar': '538ee9db267783625dac42e4bcaf0467'}, 'session_id': '61fdd9aa41c0809aa95b02b2c8d0591e', 'relationships': [], 'private_channels': [], 'presences': [], 'guilds': [{'unavailable': True, 'id': '342415166341906432'}, {'unavailable': True, 'id': '380841091340959745'}], '_trace': ['gateway-prd-main-7cr7', 'discord-sessions-prd-1-7']}}
2017-11-17 00:19:20,039:DEBUG:discord.client: Dispatching event socket_response
2017-11-17 00:19:22,039:DEBUG:discord.client: Dispatching event ready
2017-11-17 00:19:22,040:DEBUG:discord.gateway: Sending "{"op":3,"d":{"game":{"name":"with your waifu!","type":0},"afk":false,"since":0.0,"status":"online"}}" to change status
2017-11-17 00:19:22,040:DEBUG:discord.client: Dispatching event socket_raw_send
2017-11-17 00:20:01,169:DEBUG:discord.gateway: Keeping websocket alive with sequence 1
2017-11-17 00:20:01,292:DEBUG:discord.client: Dispatching event socket_raw_receive
2017-11-17 00:20:01,292:DEBUG:discord.gateway: WebSocket Event: {'t': None, 's': None, 'op': 11, 'd': None}
2017-11-17 00:20:01,292:DEBUG:discord.client: Dispatching event socket_response
2017-11-17 00:20:06,603:DEBUG:discord.client: Dispatching event socket_raw_receive
2017-11-17 00:20:06,604:DEBUG:discord.gateway: WebSocket Event: {'t': 'GUILD_CREATE', 's': 2, 'op': 0, 'd': {'voice_states': [], 'verification_level': 0, 'unavailable': False, 'system_channel_id': None, 'splash': None, 'roles': [{'position': 0, 'permissions': 104188992, 'name': '@everyone', 'mentionable': False, 'managed': False, 'id': '342415166341906432', 'hoist': False, 'color': 0}, {'position': 20, 'permissions': 104320065, 'name': 'Picture Goddess', 'mentionable': True, 'managed': False, 'id': '342415471812804618', 'hoist': True, 'color': 16711785}, {'position': 19, 'permissions': 238406720, 'name': 'Sex God', 'mentionable': True, 'managed': False, 'id': '342416329879453707', 'hoist': True, 'color': 16745728}, {'position': 15, 'permissions': 104197184, 'name': 'GOD', 'mentionable': True, 'managed': False, 'id': '342416362687299584', 'hoist': True, 'color': 3685183}, {'position': 14, 'permissions': 104197184, 'name': 'Loli God', 'mentionable': True, 'managed': False, 'id': '342416453942771722', 'hoist': True, 'color': 3685183}, {'position': 18, 'permissions': 511048769, 'name': 'Vroom Vroom God', 'mentionable': True, 'managed': False, 'id': '342416480127942656', 'hoist': True, 'color': 16711935}, {'position': 17, 'permissions': 104197184, 'name': 'Cosplay Goddess', 'mentionable': True, 'managed': False, 'id': '342416647644250124', 'hoist': True, 'color': 16711935}, {'position': 13, 'permissions': 104197184, 'name': 'Ginger Boi', 'mentionable': True, 'managed': False, 'id': '342418862958182410', 'hoist': True, 'color': 15105570}, {'position': 16, 'permissions': 104197184, 'name': 'Retard Overlord', 'mentionable': True, 'managed': False, 'id': '342420317676896277', 'hoist': True, 'color': 197379}, {'position': 4, 'permissions': 2146958591, 'name': 'Ayano', 'mentionable': False, 'managed': True, 'id': '342420397532119040', 'hoist': False, 'color': 0}, {'position': 9, 'permissions': 104197184, 'name': 'Blondie', 'mentionable': True, 'managed': False, 'id': '342420447885000712', 'hoist': True, 'color': 4332626}, {'position': 3, 'permissions': 104188992, 'name': 'Boat', 'mentionable': False, 'managed': False, 'id': '342420526989574144', 'hoist': True, 'color': 3447003}, {'position': 2, 'permissions': 12921935, 'name': 'Tatsumaki', 'mentionable': False, 'managed': True, 'id': '342420866153316353', 'hoist': False, 'color': 0}, {'position': 11, 'permissions': 104197184, 'name': 'Pappa Ruggis', 'mentionable': True, 'managed': False, 'id': '342425035669241856', 'hoist': True, 'color': 0}, {'position': 8, 'permissions': 104197184, 'name': 'Bleck man', 'mentionable': True, 'managed': False, 'id': '342709630603886594', 'hoist': True, 'color': 526344}, {'position': 7, 'permissions': 104197184, 'name': 'Not A Weeb', 'mentionable': False, 'managed': False, 'id': '343515164789964800', 'hoist': True, 'color': 12318367}, {'position': 6, 'permissions': 104197184, 'name': 'Polish Master', 'mentionable': True, 'managed': False, 'id': '343574136465129473', 'hoist': True, 'color': 1245441}, {'position': 5, 'permissions': 104197184, 'name': 'James', 'mentionable': False, 'managed': False, 'id': '344533798429392898', 'hoist': True, 'color': 131586}, {'position': 1, 'permissions': 262216, 'name': 'Xayah', 'mentionable': False, 'managed': True, 'id': '347111452253093888', 'hoist': False, 'color': 0}, {'position': 10, 'permissions': 104188992, 'name': 'Lord of Bitcoin', 'mentionable': False, 'managed': False, 'id': '359034050905767936', 'hoist': True, 'color': 16761344}, {'position': 12, 'permissions': 104188992, 'name': 'jordskredneger', 'mentionable': False, 'managed': False, 'id': '361312602309263372', 'hoist': True, 'color': 58862}], 'region': 'eu-west', 'presences': [{'user': {'id': '153504271361376257'}, 'status': 'online', 'game': None}, {'user': {'id': '170707425114980352'}, 'status': 'dnd', 'game': None}, {'user': {'id': '172002275412279296'}, 'status': 'online', 'game': {'url': 'https://tatsumaki.xyz', 'type': 1, 'name': 'https://tatsumaki.xyz'}}, {'user': {'id': '181453240087347200'}, 'status': 'online', 'game': None}, {'user': {'id': '202823554742485006'}, 'status': 'online', 'game': None}, {'user': {'id': '223331835931787264'}, 'status': 'online', 'game': {'type': 0, 'timestamps': {'start': 1510866177998}, 'name': 'Hmph'}}, {'user': {'id': '346298465267220482'}, 'status': 'online', 'game': {'type': 0, 'name': 'with your waifu!'}}], 'owner_id': '153504271361376257', 'name': 'Whatever the hell you feel like', 'mfa_level': 0, 'members': [{'user': {'username': 'SpookyMan', 'id': '98813288661389312', 'discriminator': '3970', 'avatar': 'f6c89eb21ace2b5b5b9bfdae75b9bb62'}, 'roles': ['343574136465129473'], 'mute': False, 'joined_at': '2017-08-05T17:00:22.021000+00:00', 'deaf': False}, {'user': {'username': 'Kaofie', 'id': '140179979349524480', 'discriminator': '3813', 'avatar': '696e33f7770ef74b1a110e1e340d25ce'}, 'roles': ['361312602309263372'], 'mute': False, 'joined_at': '2017-09-24T00:43:47.085000+00:00', 'deaf': False}, {'user': {'username': 'Radiant Pancake', 'id': '146419134576459776', 'discriminator': '6508', 'avatar': '8a18bd3aaa97438fcb29618f9f9bee3e'}, 'roles': ['342416362687299584'], 'nick': 'Pancake the Lurker', 'mute': False, 'joined_at': '2017-08-02T21:16:03.404000+00:00', 'deaf': False}, {'user': {'username': 'Ruggot', 'id': '151749705884368898', 'discriminator': '8484', 'avatar': '6df4122000bbdc0d72c68eafbd1c2d8b'}, 'roles': ['342425035669241856'], 'nick': 'Ruggis Daddis', 'mute': False, 'joined_at': '2017-08-04T17:02:01.328000+00:00', 'deaf': False}, {'user': {'username': 'Crazy Amy | Miss Seagull', 'id': '153504271361376257', 'discriminator': '7211', 'avatar': 'beef8c8c2a6ae8077ee3340a47e75e07'}, 'roles': ['342415471812804618'], 'mute': False, 'joined_at': '2017-08-04T22:28:28.114000+00:00', 'deaf': False}, {'user': {'username': 'Kev | Pervert ;3 <3', 'id': '158639525394907136', 'discriminator': '9403', 'avatar': 'fa66c6197c6955fb1787cb7dd913f4f0'}, 'roles': ['342416329879453707'], 'mute': False, 'joined_at': '2017-08-08T21:45:47.618000+00:00', 'deaf': False}, {'user': {'username': 'Akito', 'id': '170707425114980352', 'discriminator': '8521', 'avatar': 'a_a5b20e7ab520399473302656bec7088f'}, 'roles': ['342709630603886594'], 'nick': 'Aki', 'mute': False, 'joined_at': '2017-08-03T16:36:59.971000+00:00', 'deaf': False}, {'user': {'username': 'Tatsumaki', 'id': '172002275412279296', 'discriminator': '8792', 'bot': True, 'avatar': 'f5f65755f67ae1dc88d9bb271d0f5bef'}, 'roles': ['342420526989574144', '342420866153316353'], 'mute': False, 'joined_at': '2017-08-02T21:38:16.371000+00:00', 'deaf': False}, {'user': {'username': 'â˜ Guardryâ˜ ', 'id': '181453240087347200', 'discriminator': '9349', 'avatar': '4ca6a52659d266c3136ca85b8f33f85f'}, 'roles': ['342418862958182410'], 'nick': 'Papa Hesk', 'mute': False, 'joined_at': '2017-08-02T21:16:46.823000+00:00', 'deaf': False}, {'user': {'username': 'Asta | Papi', 'id': '202823554742485006', 'discriminator': '5303', 'avatar': 'a_ec1324f84c77cee057581940a7a5d45f'}, 'roles': ['342416480127942656'], 'nick': None, 'mute': False, 'joined_at': '2017-08-02T21:15:57.064000+00:00', 'deaf': False}, {'user': {'username': 'PlzBeQuiet', 'id': '203193861340790784', 'discriminator': '7788', 'avatar': 'd0a05ce65d0267bd52111810f1d1bfc4'}, 'roles': ['342420317676896277'], 'nick': 'Keeper Of The Niggerz', 'mute': False, 'joined_at': '2017-08-02T21:16:32.074000+00:00', 'deaf': False}, {'user': {'username': 'Gh0sT``', 'id': '209310603209211904', 'discriminator': '3037', 'avatar': '0e4eacf2a6bc2a5a9560bcf87004129d'}, 'roles': ['359034050905767936'], 'mute': False, 'joined_at': '2017-09-17T17:18:09.762000+00:00', 'deaf': False}, {'user': {'username': 'Rin ðŸŒ¸', 'id': '214778862960246784', 'discriminator': '4901', 'avatar': 'a_8cf0e45d6cc31cee09640cea2d320e1d'}, 'roles': ['343515164789964800'], 'mute': False, 'joined_at': '2017-08-05T22:01:55.356000+00:00', 'deaf': False}, {'user': {'username': 'Lilnitedemon', 'id': '223331835931787264', 'discriminator': '0503', 'avatar': 'a_75c692bb681a635484b41e7befa4c933'}, 'roles': ['342416647644250124'], 'mute': False, 'joined_at': '2017-08-03T02:25:31.181000+00:00', 'deaf': False}, {'user': {'username': 'âœ¨â˜†â™¡ á´·áµ’â¿áµ‰áµáµ’ â™¡â˜†âœ¨', 'id': '234284686472511488', 'discriminator': '1521', 'avatar': 'e06f2160f32478eb1b028eec9e785015'}, 'roles': ['342416453942771722'], 'nick': 'â™¡ Mummy Koneko â™¡', 'mute': False, 'joined_at': '2017-08-03T01:15:00.198000+00:00', 'deaf': False}, {'user': {'username': 'Asuka Nanakuro', 'id': '265280404087504896', 'discriminator': '2203', 'avatar': 'f43d0e3ee8c5777c421e615292ab4a1f'}, 'roles': ['342420447885000712'], 'nick': 'AsukaðŸŒ¸', 'mute': False, 'joined_at': '2017-08-02T21:17:53.075000+00:00', 'deaf': False}, {'user': {'username': 'Ayano', 'id': '314145474565242881', 'discriminator': '8133', 'bot': True, 'avatar': 'c53790344622351095083014a20774b9'}, 'roles': ['342420397532119040', '342420526989574144'], 'mute': False, 'joined_at': '2017-08-02T21:36:24.598000+00:00', 'deaf': False}, {'user': {'username': 'Xayah', 'id': '346298465267220482', 'discriminator': '9488', 'bot': True, 'avatar': '538ee9db267783625dac42e4bcaf0467'}, 'roles': ['347111452253093888'], 'mute': False, 'joined_at': '2017-08-15T20:16:59.230000+00:00', 'deaf': False}], 'member_count': 18, 'large': False, 'joined_at': '2017-08-15T20:16:59.230000+00:00', 'id': '342415166341906432', 'icon': '377ed05d22906070f29a38e95ec4238d', 'features': [], 'explicit_content_filter': 0, 'emojis': [{'roles': [], 'require_colons': True, 'name': 'ahri', 'managed': False, 'id': '342434535880785920'}, {'roles': [], 'require_colons': True, 'name': 'galloways', 'managed': False, 'id': '342434789040717827'}, {'roles': [], 'require_colons': True, 'name': 'Wink', 'managed': False, 'id': '342655135224430613'}, {'roles': [], 'require_colons': True, 'name': 'XD', 'managed': False, 'id': '342655152026550272'}, {'roles': [], 'require_colons': True, 'name': 'Dab', 'managed': False, 'id': '342655164823502850'}, {'roles': [], 'require_colons': True, 'name': 'nom', 'managed': False, 'id': '342655191805329408'}, {'roles': [], 'require_colons': True, 'name': 'NotLikeThis', 'managed': False, 'id': '342655204186914817'}, {'roles': [], 'require_colons': True, 'name': 'oreo', 'managed': False, 'id': '342655215809462272'}, {'roles': [], 'require_colons': True, 'name': 'REEE', 'managed': False, 'id': '351770520439488513'}, {'roles': [], 'require_colons': True, 'name': 'vanillagasm', 'managed': False, 'id': '351770520586420224'}, {'roles': [], 'require_colons': True, 'name': 'chocogasm', 'managed': False, 'id': '351770520624037890'}, {'roles': [], 'require_colons': True, 'name': 'embarrassed', 'managed': False, 'id': '351770520640946179'}, {'roles': [], 'require_colons': True, 'name': 'mikumexicano', 'managed': False, 'id': '351770520724963348'}, {'roles': [], 'require_colons': True, 'name': 'HAH', 'managed': False, 'id': '351770522716995584'}, {'roles': [], 'require_colons': True, 'name': 'Xvk51wX1', 'managed': False, 'id': '351770523006664704'}, {'roles': [], 'require_colons': True, 'name': 'mexicanoderp', 'managed': False, 'id': '351770523018985475'}, {'roles': [], 'require_colons': True, 'name': 'nerd', 'managed': False, 'id': '351770523086356480'}, {'roles': [], 'require_colons': True, 'name': 'thinking', 'managed': False, 'id': '351770527054036993'}, {'roles': [], 'require_colons': True, 'name': 'thinking3', 'managed': False, 'id': '351770528735952896'}, {'roles': [], 'require_colons': True, 'name': 'hue', 'managed': False, 'id': '351770532305174538'}, {'roles': [], 'require_colons': True, 'name': 'thinking2', 'managed': False, 'id': '351770534935134208'}], 'default_message_notifications': 1, 'channels': [{'type': 0, 'topic': None, 'position': 0, 'permission_overwrites': [], 'name': 'general', 'last_pin_timestamp': '2017-10-19T11:59:18.881693+00:00', 'last_message_id': '380501632754122752', 'id': '342415166341906432'}, {'user_limit': 0, 'type': 2, 'position': 0, 'permission_overwrites': [], 'name': 'General', 'id': '342415166341906433', 'bitrate': 64000}, {'user_limit': 0, 'type': 2, 'position': 1, 'permission_overwrites': [], 'name': 'General 2', 'id': '342418608359604225', 'bitrate': 64000}, {'type': 0, 'topic': '', 'position': 1, 'permission_overwrites': [], 'name': 'butt-stuff', 'last_message_id': '379366130151587840', 'id': '342429796850204682'}, {'type': 0, 'topic': None, 'position': 4, 'permission_overwrites': [], 'name': 'lewd-pics', 'last_pin_timestamp': '2017-09-10T00:03:44.682000+00:00', 'last_message_id': '372897584173416458', 'id': '342659464266252299'}, {'type': 0, 'topic': None, 'position': 2, 'permission_overwrites': [], 'name': 'memes', 'last_message_id': '370550611961315328', 'id': '343012281715523585'}, {'type': 0, 'topic': None, 'position': 5, 'permission_overwrites': [], 'name': 'doujinshi', 'last_message_id': '344535711585665037', 'id': '343449787854618626'}, {'type': 0, 'topic': None, 'position': 3, 'permission_overwrites': [], 'name': 'sfw-pics', 'last_message_id': '372425327223373834', 'id': '343753271392862209'}, {'type': 0, 'topic': None, 'position': 6, 'permission_overwrites': [], 'name': 'media', 'last_message_id': '370267096229347328', 'id': '343901563372175381'}], 'application_id': None, 'afk_timeout': 300, 'afk_channel_id': None}}
2017-11-17 00:20:06,604:DEBUG:discord.client: Dispatching event socket_response
2017-11-17 00:20:06,605:DEBUG:discord.client: Dispatching event server_available
2017-11-17 00:20:06,605:DEBUG:discord.client: Dispatching event socket_raw_receive
2017-11-17 00:20:06,605:DEBUG:discord.gateway: WebSocket Event: {'t': 'GUILD_CREATE', 's': 3, 'op': 0, 'd': {'voice_states': [], 'verification_level': 0, 'unavailable': False, 'system_channel_id': None, 'splash': None, 'roles': [{'position': 0, 'permissions': 104324161, 'name': '@everyone', 'mentionable': False, 'managed': False, 'id': '380841091340959745', 'hoist': False, 'color': 0}, {'position': 2, 'permissions': 2146958591, 'name': 'Xayah', 'mentionable': False, 'managed': True, 'id': '380841193954607104', 'hoist': False, 'color': 0}, {'position': 3, 'permissions': 2146958591, 'name': 'Admin', 'mentionable': False, 'managed': False, 'id': '380841307951726595', 'hoist': True, 'color': 15335679}, {'position': 1, 'permissions': 104324161, 'name': 'Verified', 'mentionable': False, 'managed': False, 'id': '380843743101714453', 'hoist': True, 'color': 3066993}], 'region': 'us-central', 'presences': [{'user': {'id': '202823554742485006'}, 'status': 'online', 'game': None}, {'user': {'id': '346298465267220482'}, 'status': 'online', 'game': {'type': 0, 'name': 'with your waifu!'}}], 'owner_id': '202823554742485006', 'name': 'Bot Development', 'mfa_level': 0, 'members': [{'user': {'username': 'Asta | Papi', 'id': '202823554742485006', 'discriminator': '5303', 'avatar': 'a_ec1324f84c77cee057581940a7a5d45f'}, 'roles': ['380841307951726595'], 'nick': None, 'mute': False, 'joined_at': '2017-11-16T22:06:31.980000+00:00', 'deaf': False}, {'user': {'username': 'Xayah', 'id': '346298465267220482', 'discriminator': '9488', 'bot': True, 'avatar': '538ee9db267783625dac42e4bcaf0467'}, 'roles': ['380841193954607104'], 'nick': None, 'mute': False, 'joined_at': '2017-11-16T22:06:56.328233+00:00', 'deaf': False}], 'member_count': 2, 'large': False, 'joined_at': '2017-11-16T22:06:56.328233+00:00', 'id': '380841091340959745', 'icon': 'ec1324f84c77cee057581940a7a5d45f', 'features': [], 'explicit_content_filter': 0, 'emojis': [], 'default_message_notifications': 1, 'channels': [{'user_limit': 0, 'type': 4, 'position': 0, 'permission_overwrites': [], 'name': 'Text Channels', 'id': '380841091865509888', 'bitrate': 64000}, {'type': 0, 'topic': None, 'position': 0, 'permission_overwrites': [], 'parent_id': '380841091865509888', 'name': 'general', 'last_message_id': '380855983062384642', 'id': '380841091865509889'}, {'user_limit': 0, 'type': 4, 'position': 0, 'permission_overwrites': [], 'name': 'Voice Channels', 'id': '380841091865509890', 'bitrate': 64000}, {'user_limit': 0, 'type': 2, 'position': 0, 'permission_overwrites': [], 'parent_id': '380841091865509890', 'name': 'General', 'id': '380841091865509891', 'bitrate': 64000}], 'application_id': None, 'afk_timeout': 300, 'afk_channel_id': None}}
2017-11-17 00:20:06,605:DEBUG:discord.client: Dispatching event socket_response
2017-11-17 00:20:06,605:DEBUG:discord.client: Dispatching event server_available
2017-11-17 00:20:07,683:DEBUG:discord.client: Dispatching event socket_raw_receive
2017-11-17 00:20:07,683:DEBUG:discord.gateway: WebSocket Event: {'t': 'PRESENCE_UPDATE', 's': 4, 'op': 0, 'd': {'user': {'id': '172002275412279296'}, 'status': 'online', 'roles': ['342420526989574144', '342420866153316353'], 'nick': None, 'guild_id': '342415166341906432', 'game': {'url': 'https://tatsumaki.xyz', 'type': 1, 'name': 'Use t!help'}}}
2017-11-17 00:20:07,684:DEBUG:discord.client: Dispatching event socket_response
2017-11-17 00:20:07,684:DEBUG:discord.client: Dispatching event member_update
2017-11-17 00:20:11,773:DEBUG:discord.client: Dispatching event socket_raw_receive
2017-11-17 00:20:11,773:DEBUG:discord.gateway: WebSocket Event: {'t': 'GUILD_MEMBER_ADD', 's': 5, 'op': 0, 'd': {'user': {'username': 'Lilnitedemon', 'id': '223331835931787264', 'discriminator': '0503', 'avatar': 'a_75c692bb681a635484b41e7befa4c933'}, 'roles': [], 'mute': False, 'joined_at': '2017-11-17T00:20:12.366456+00:00', 'guild_id': '380841091340959745', 'deaf': False}}
2017-11-17 00:20:11,773:DEBUG:discord.client: Dispatching event socket_response
2017-11-17 00:20:11,773:DEBUG:discord.client: Dispatching event member_join
2017-11-17 00:20:11,997:DEBUG:discord.client: Dispatching event socket_raw_receive
2017-11-17 00:20:11,998:DEBUG:discord.gateway: WebSocket Event: {'t': 'CHANNEL_CREATE', 's': 6, 'op': 0, 'd': {'type': 1, 'recipients': [{'username': 'Lilnitedemon', 'id': '223331835931787264', 'discriminator': '0503', 'avatar': 'a_75c692bb681a635484b41e7befa4c933'}], 'last_message_id': None, 'id': '380874732779864064'}}
2017-11-17 00:20:11,998:DEBUG:discord.client: Dispatching event socket_response
2017-11-17 00:20:11,998:DEBUG:discord.client: Dispatching event channel_create
2017-11-17 00:20:12,011:DEBUG:discord.http: POST https://discordapp.com/api/v6/users/@me/channels with {"recipient_id":"223331835931787264"} has returned 200
2017-11-17 00:20:12,011:DEBUG:discord.http: POST https://discordapp.com/api/v6/users/@me/channels has received {'last_message_id': None, 'type': 1, 'id': '380874732779864064', 'recipients': [{'username': 'Lilnitedemon', 'discriminator': '0503', 'id': '223331835931787264', 'avatar': 'a_75c692bb681a635484b41e7befa4c933'}]}
2017-11-17 00:20:12,576:DEBUG:discord.client: Dispatching event socket_raw_receive
2017-11-17 00:20:12,576:DEBUG:discord.gateway: WebSocket Event: {'t': 'CHANNEL_CREATE', 's': 7, 'op': 0, 'd': {'type': 1, 'recipients': [{'username': 'Lilnitedemon', 'id': '223331835931787264', 'discriminator': '0503', 'avatar': 'a_75c692bb681a635484b41e7befa4c933'}], 'last_message_id': '380874734805712898', 'id': '380874732779864064'}}
2017-11-17 00:20:12,577:DEBUG:discord.client: Dispatching event socket_response
2017-11-17 00:20:12,577:DEBUG:discord.client: Dispatching event channel_create
2017-11-17 00:20:12,577:DEBUG:discord.client: Dispatching event socket_raw_receive
2017-11-17 00:20:12,577:DEBUG:discord.gateway: WebSocket Event: {'t': 'MESSAGE_CREATE', 's': 8, 'op': 0, 'd': {'type': 0, 'tts': False, 'timestamp': '2017-11-17T00:20:13.088000+00:00', 'pinned': False, 'nonce': None, 'mentions': [], 'mention_roles': [], 'mention_everyone': False, 'id': '380874734805712898', 'embeds': [], 'edited_timestamp': None, 'content': 'Please message the bot with the command ~verify to get normal permissions', 'channel_id': '380874732779864064', 'author': {'username': 'Xayah', 'id': '346298465267220482', 'discriminator': '9488', 'bot': True, 'avatar': '538ee9db267783625dac42e4bcaf0467'}, 'attachments': []}}
2017-11-17 00:20:12,577:DEBUG:discord.client: Dispatching event socket_response
2017-11-17 00:20:12,577:DEBUG:discord.client: Dispatching event message
2017-11-17 00:20:12,584:DEBUG:discord.http: POST https://discordapp.com/api/v6/channels/380874732779864064/messages with {"content":"Please message the bot with the command ~verify to get normal permissions"} has returned 200
2017-11-17 00:20:12,584:DEBUG:discord.http: POST https://discordapp.com/api/v6/channels/380874732779864064/messages has received {'nonce': None, 'attachments': [], 'tts': False, 'embeds': [], 'timestamp': '2017-11-17T00:20:13.088000+00:00', 'mention_everyone': False, 'id': '380874734805712898', 'pinned': False, 'edited_timestamp': None, 'author': {'username': 'Xayah', 'discriminator': '9488', 'bot': True, 'id': '346298465267220482', 'avatar': '538ee9db267783625dac42e4bcaf0467'}, 'mention_roles': [], 'content': 'Please message the bot with the command ~verify to get normal permissions', 'channel_id': '380874732779864064', 'mentions': [], 'type': 0}
2017-11-17 00:20:17,445:DEBUG:discord.client: Dispatching event socket_raw_receive
2017-11-17 00:20:17,446:DEBUG:discord.gateway: WebSocket Event: {'t': 'PRESENCE_UPDATE', 's': 9, 'op': 0, 'd': {'user': {'username': 'Lilnitedemon', 'id': '223331835931787264', 'discriminator': '0503', 'avatar': 'a_75c692bb681a635484b41e7befa4c933'}, 'status': 'online', 'roles': [], 'nick': None, 'guild_id': '380841091340959745', 'game': {'type': 0, 'timestamps': {'start': 1510866177998}, 'name': 'Hmph'}}}
2017-11-17 00:20:17,446:DEBUG:discord.client: Dispatching event socket_response
2017-11-17 00:20:17,446:DEBUG:discord.client: Dispatching event member_update
2017-11-17 00:20:21,916:DEBUG:discord.client: Dispatching event socket_raw_receive
2017-11-17 00:20:21,916:DEBUG:discord.gateway: WebSocket Event: {'t': 'GUILD_MEMBER_UPDATE', 's': 10, 'op': 0, 'd': {'user': {'username': 'Lilnitedemon', 'id': '223331835931787264', 'discriminator': '0503', 'avatar': 'a_75c692bb681a635484b41e7befa4c933'}, 'roles': ['380841307951726595'], 'nick': None, 'guild_id': '380841091340959745'}}
2017-11-17 00:20:21,916:DEBUG:discord.client: Dispatching event socket_response
2017-11-17 00:20:21,916:DEBUG:discord.client: Dispatching event member_update
2017-11-17 00:20:42,420:DEBUG:discord.gateway: Keeping websocket alive with sequence 10
2017-11-17 00:20:42,533:DEBUG:discord.client: Dispatching event socket_raw_receive
2017-11-17 00:20:42,533:DEBUG:discord.gateway: WebSocket Event: {'t': None, 's': None, 'op': 11, 'd': None}
2017-11-17 00:20:42,533:DEBUG:discord.client: Dispatching event socket_response
2017-11-17 00:21:23,671:DEBUG:discord.gateway: Keeping websocket alive with sequence 10
2017-11-17 00:21:23,784:DEBUG:discord.client: Dispatching event socket_raw_receive
2017-11-17 00:21:23,784:DEBUG:discord.gateway: WebSocket Event: {'t': None, 's': None, 'op': 11, 'd': None}
2017-11-17 00:21:23,784:DEBUG:discord.client: Dispatching event socket_response
2017-11-17 00:21:30,504:DEBUG:discord.client: Dispatching event socket_raw_receive
2017-11-17 00:21:30,505:DEBUG:discord.gateway: WebSocket Event: {'t': 'PRESENCE_UPDATE', 's': 11, 'op': 0, 'd': {'user': {'username': 'Rin ðŸŒ¸', 'id': '214778862960246784', 'discriminator': '4901', 'avatar': 'a_8cf0e45d6cc31cee09640cea2d320e1d'}, 'status': 'online', 'roles': ['343515164789964800'], 'nick': None, 'guild_id': '342415166341906432', 'game': None}}
2017-11-17 00:21:30,505:DEBUG:discord.client: Dispatching event socket_response
2017-11-17 00:21:30,505:DEBUG:discord.client: Dispatching event member_update
2017-11-17 00:22:04,921:DEBUG:discord.gateway: Keeping websocket alive with sequence 11
2017-11-17 00:22:05,035:DEBUG:discord.client: Dispatching event socket_raw_receive
2017-11-17 00:22:05,035:DEBUG:discord.gateway: WebSocket Event: {'t': None, 's': None, 'op': 11, 'd': None}
2017-11-17 00:22:05,035:DEBUG:discord.client: Dispatching event socket_response
2017-11-17 00:22:46,172:DEBUG:discord.gateway: Keeping websocket alive with sequence 11
2017-11-17 00:22:46,286:DEBUG:discord.client: Dispatching event socket_raw_receive
2017-11-17 00:22:46,286:DEBUG:discord.gateway: WebSocket Event: {'t': None, 's': None, 'op': 11, 'd': None}
2017-11-17 00:22:46,286:DEBUG:discord.client: Dispatching event socket_response
2017-11-17 00:23:20,932:DEBUG:discord.client: Dispatching event socket_raw_receive
2017-11-17 00:23:20,933:DEBUG:discord.gateway: WebSocket Event: {'t': 'PRESENCE_UPDATE', 's': 12, 'op': 0, 'd': {'user': {'id': '172002275412279296'}, 'status': 'offline', 'roles': ['342420526989574144', '342420866153316353'], 'nick': None, 'guild_id': '342415166341906432', 'game': None}}
2017-11-17 00:23:20,933:DEBUG:discord.client: Dispatching event socket_response
2017-11-17 00:23:20,933:DEBUG:discord.client: Dispatching event member_update
2017-11-17 00:23:27,423:DEBUG:discord.gateway: Keeping websocket alive with sequence 12
2017-11-17 00:23:27,536:DEBUG:discord.client: Dispatching event socket_raw_receive
2017-11-17 00:23:27,537:DEBUG:discord.gateway: WebSocket Event: {'t': None, 's': None, 'op': 11, 'd': None}
2017-11-17 00:23:27,537:DEBUG:discord.client: Dispatching event socket_response
2017-11-17 00:23:41,570:DEBUG:discord.client: Dispatching event socket_raw_receive
2017-11-17 00:23:41,570:DEBUG:discord.gateway: WebSocket Event: {'t': 'PRESENCE_UPDATE', 's': 13, 'op': 0, 'd': {'user': {'id': '181453240087347200'}, 'status': 'idle', 'roles': ['342418862958182410'], 'nick': 'Papa Hesk', 'guild_id': '342415166341906432', 'game': None}}
2017-11-17 00:23:41,570:DEBUG:discord.client: Dispatching event socket_response
2017-11-17 00:23:41,570:DEBUG:discord.client: Dispatching event member_update
2017-11-17 00:24:08,673:DEBUG:discord.gateway: Keeping websocket alive with sequence 13
2017-11-17 00:24:08,787:DEBUG:discord.client: Dispatching event socket_raw_receive
2017-11-17 00:24:08,787:DEBUG:discord.gateway: WebSocket Event: {'t': None, 's': None, 'op': 11, 'd': None}
2017-11-17 00:24:08,787:DEBUG:discord.client: Dispatching event socket_response
2017-11-17 00:24:15,828:DEBUG:discord.client: Dispatching event socket_raw_receive
2017-11-17 00:24:15,828:DEBUG:discord.gateway: WebSocket Event: {'t': 'PRESENCE_UPDATE', 's': 14, 'op': 0, 'd': {'user': {'username': 'Tatsumaki', 'id': '172002275412279296', 'discriminator': '8792', 'bot': True, 'avatar': 'f5f65755f67ae1dc88d9bb271d0f5bef'}, 'status': 'online', 'roles': ['342420526989574144', '342420866153316353'], 'nick': None, 'guild_id': '342415166341906432', 'game': {'url': 'https://tatsumaki.xyz', 'type': 1, 'name': 'Use t!help'}}}
2017-11-17 00:24:15,828:DEBUG:discord.client: Dispatching event socket_response
2017-11-17 00:24:15,828:DEBUG:discord.client: Dispatching event member_update
2017-11-17 00:24:49,924:DEBUG:discord.gateway: Keeping websocket alive with sequence 14
2017-11-17 00:24:50,038:DEBUG:discord.client: Dispatching event socket_raw_receive
2017-11-17 00:24:50,038:DEBUG:discord.gateway: WebSocket Event: {'t': None, 's': None, 'op': 11, 'd': None}
2017-11-17 00:24:50,038:DEBUG:discord.client: Dispatching event socket_response
2017-11-17 00:24:59,821:DEBUG:discord.client: Dispatching event socket_raw_receive
2017-11-17 00:24:59,821:DEBUG:discord.gateway: WebSocket Event: {'t': 'PRESENCE_UPDATE', 's': 15, 'op': 0, 'd': {'user': {'id': '170707425114980352'}, 'status': 'offline', 'roles': ['342709630603886594'], 'nick': 'Aki', 'guild_id': '342415166341906432', 'game': None}}
2017-11-17 00:24:59,822:DEBUG:discord.client: Dispatching event socket_response
2017-11-17 00:24:59,822:DEBUG:discord.client: Dispatching event member_update
2017-11-17 00:25:13,041:DEBUG:discord.client: Dispatching event socket_raw_receive
2017-11-17 00:25:13,041:DEBUG:discord.gateway: WebSocket Event: {'t': 'PRESENCE_UPDATE', 's': 16, 'op': 0, 'd': {'user': {'id': '214778862960246784'}, 'status': 'offline', 'roles': ['343515164789964800'], 'nick': None, 'guild_id': '342415166341906432', 'game': None}}
2017-11-17 00:25:13,042:DEBUG:discord.client: Dispatching event socket_response
2017-11-17 00:25:13,042:DEBUG:discord.client: Dispatching event member_update
2017-11-17 00:25:18,019:DEBUG:discord.client: Dispatching event socket_raw_receive
2017-11-17 00:25:18,019:DEBUG:discord.gateway: WebSocket Event: {'t': 'PRESENCE_UPDATE', 's': 17, 'op': 0, 'd': {'user': {'username': 'Akito', 'id': '170707425114980352', 'discriminator': '8521', 'avatar': 'a_a5b20e7ab520399473302656bec7088f'}, 'status': 'dnd', 'roles': ['342709630603886594'], 'nick': 'Aki', 'guild_id': '342415166341906432', 'game': None}}
2017-11-17 00:25:18,019:DEBUG:discord.client: Dispatching event socket_response
2017-11-17 00:25:18,019:DEBUG:discord.client: Dispatching event member_update
2017-11-17 00:25:31,175:DEBUG:discord.gateway: Keeping websocket alive with sequence 17
2017-11-17 00:25:31,294:DEBUG:discord.client: Dispatching event socket_raw_receive
2017-11-17 00:25:31,294:DEBUG:discord.gateway: WebSocket Event: {'t': None, 's': None, 'op': 11, 'd': None}
2017-11-17 00:25:31,294:DEBUG:discord.client: Dispatching event socket_response
2017-11-17 00:26:12,425:DEBUG:discord.gateway: Keeping websocket alive with sequence 17
2017-11-17 00:26:12,550:DEBUG:discord.client: Dispatching event socket_raw_receive
2017-11-17 00:26:12,550:DEBUG:discord.gateway: WebSocket Event: {'t': None, 's': None, 'op': 11, 'd': None}
2017-11-17 00:26:12,550:DEBUG:discord.client: Dispatching event socket_response
2017-11-17 00:26:53,676:DEBUG:discord.gateway: Keeping websocket alive with sequence 17
2017-11-17 00:26:53,791:DEBUG:discord.client: Dispatching event socket_raw_receive
2017-11-17 00:26:53,791:DEBUG:discord.gateway: WebSocket Event: {'t': None, 's': None, 'op': 11, 'd': None}
2017-11-17 00:26:53,791:DEBUG:discord.client: Dispatching event socket_response
2017-11-17 00:27:25,822:DEBUG:discord.client: Dispatching event socket_raw_receive
2017-11-17 00:27:25,822:DEBUG:discord.gateway: WebSocket Event: {'t': 'PRESENCE_UPDATE', 's': 18, 'op': 0, 'd': {'user': {'id': '170707425114980352'}, 'status': 'offline', 'roles': ['342709630603886594'], 'nick': 'Aki', 'guild_id': '342415166341906432', 'game': None}}
2017-11-17 00:27:25,822:DEBUG:discord.client: Dispatching event socket_response
2017-11-17 00:27:25,823:DEBUG:discord.client: Dispatching event member_update
2017-11-17 00:27:28,684:DEBUG:discord.client: Dispatching event socket_raw_receive
2017-11-17 00:27:28,684:DEBUG:discord.gateway: WebSocket Event: {'t': 'PRESENCE_UPDATE', 's': 19, 'op': 0, 'd': {'user': {'id': '223331835931787264'}, 'status': 'online', 'roles': ['342416647644250124'], 'nick': None, 'guild_id': '342415166341906432', 'game': {'type': 0, 'timestamps': {}, 'name': 'Hmph'}}}
2017-11-17 00:27:28,684:DEBUG:discord.client: Dispatching event socket_response
2017-11-17 00:27:28,684:DEBUG:discord.client: Dispatching event member_update
2017-11-17 00:27:28,685:DEBUG:discord.client: Dispatching event socket_raw_receive
2017-11-17 00:27:28,685:DEBUG:discord.gateway: WebSocket Event: {'t': 'PRESENCE_UPDATE', 's': 20, 'op': 0, 'd': {'user': {'id': '223331835931787264'}, 'status': 'online', 'roles': ['380841307951726595'], 'nick': None, 'guild_id': '380841091340959745', 'game': {'type': 0, 'timestamps': {}, 'name': 'Hmph'}}}
2017-11-17 00:27:28,685:DEBUG:discord.client: Dispatching event socket_response
2017-11-17 00:27:28,685:DEBUG:discord.client: Dispatching event member_update
2017-11-17 00:27:34,927:DEBUG:discord.gateway: Keeping websocket alive with sequence 20
2017-11-17 00:27:34,997:DEBUG:discord.client: Dispatching event socket_raw_receive
2017-11-17 00:27:34,997:DEBUG:discord.gateway: WebSocket Event: {'t': 'PRESENCE_UPDATE', 's': 21, 'op': 0, 'd': {'user': {'username': 'Akito', 'id': '170707425114980352', 'discriminator': '8521', 'avatar': 'a_a5b20e7ab520399473302656bec7088f'}, 'status': 'dnd', 'roles': ['342709630603886594'], 'nick': 'Aki', 'guild_id': '342415166341906432', 'game': None}}
2017-11-17 00:27:34,997:DEBUG:discord.client: Dispatching event socket_response
2017-11-17 00:27:34,998:DEBUG:discord.client: Dispatching event member_update
2017-11-17 00:27:35,039:DEBUG:discord.client: Dispatching event socket_raw_receive
2017-11-17 00:27:35,040:DEBUG:discord.gateway: WebSocket Event: {'t': None, 's': None, 'op': 11, 'd': None}
2017-11-17 00:27:35,040:DEBUG:discord.client: Dispatching event socket_response
2017-11-17 00:27:40,557:DEBUG:discord.client: Dispatching event socket_raw_receive
2017-11-17 00:27:40,558:DEBUG:discord.gateway: WebSocket Event: {'t': 'PRESENCE_UPDATE', 's': 22, 'op': 0, 'd': {'user': {'id': '153504271361376257'}, 'status': 'offline', 'roles': ['342415471812804618'], 'nick': None, 'guild_id': '342415166341906432', 'game': None}}
2017-11-17 00:27:40,558:DEBUG:discord.client: Dispatching event socket_response
2017-11-17 00:27:40,558:DEBUG:discord.client: Dispatching event member_update
2017-11-17 00:27:40,701:DEBUG:discord.client: Dispatching event socket_raw_receive
2017-11-17 00:27:40,702:DEBUG:discord.gateway: WebSocket Event: {'t': 'PRESENCE_UPDATE', 's': 23, 'op': 0, 'd': {'user': {'id': '172002275412279296'}, 'status': 'online', 'roles': ['342420526989574144', '342420866153316353'], 'nick': None, 'guild_id': '342415166341906432', 'game': {'url': 'https://tatsumaki.xyz', 'type': 1, 'name': 'https://tatsumaki.xyz'}}}
2017-11-17 00:27:40,702:DEBUG:discord.client: Dispatching event socket_response
2017-11-17 00:27:40,702:DEBUG:discord.client: Dispatching event member_update
2017-11-17 00:28:16,178:DEBUG:discord.gateway: Keeping websocket alive with sequence 23
2017-11-17 00:28:16,287:DEBUG:discord.client: Dispatching event socket_raw_receive
2017-11-17 00:28:16,287:DEBUG:discord.gateway: WebSocket Event: {'t': None, 's': None, 'op': 11, 'd': None}
2017-11-17 00:28:16,287:DEBUG:discord.client: Dispatching event socket_response
2017-11-17 00:28:43,705:DEBUG:discord.client: Dispatching event socket_raw_receive
2017-11-17 00:28:43,705:DEBUG:discord.gateway: WebSocket Event: {'t': 'PRESENCE_UPDATE', 's': 24, 'op': 0, 'd': {'user': {'id': '223331835931787264'}, 'status': 'online', 'roles': ['342416647644250124'], 'nick': None, 'guild_id': '342415166341906432', 'game': {'type': 0, 'timestamps': {'start': 1510878523694}, 'name': 'League of Legends'}}}
2017-11-17 00:28:43,705:DEBUG:discord.client: Dispatching event socket_response
2017-11-17 00:28:43,706:DEBUG:discord.client: Dispatching event member_update
2017-11-17 00:28:43,706:DEBUG:discord.client: Dispatching event socket_raw_receive
2017-11-17 00:28:43,706:DEBUG:discord.gateway: WebSocket Event: {'t': 'PRESENCE_UPDATE', 's': 25, 'op': 0, 'd': {'user': {'id': '223331835931787264'}, 'status': 'online', 'roles': ['380841307951726595'], 'nick': None, 'guild_id': '380841091340959745', 'game': {'type': 0, 'timestamps': {'start': 1510878523694}, 'name': 'League of Legends'}}}
2017-11-17 00:28:43,706:DEBUG:discord.client: Dispatching event socket_response
2017-11-17 00:28:43,706:DEBUG:discord.client: Dispatching event member_update
2017-11-17 00:28:57,428:DEBUG:discord.gateway: Keeping websocket alive with sequence 25
2017-11-17 00:28:57,563:DEBUG:discord.client: Dispatching event socket_raw_receive
2017-11-17 00:28:57,563:DEBUG:discord.gateway: WebSocket Event: {'t': None, 's': None, 'op': 11, 'd': None}
2017-11-17 00:28:57,563:DEBUG:discord.client: Dispatching event socket_response
2017-11-17 00:29:35,024:DEBUG:discord.client: Dispatching event socket_raw_receive
2017-11-17 00:29:35,025:DEBUG:discord.gateway: WebSocket Event: {'t': 'PRESENCE_UPDATE', 's': 26, 'op': 0, 'd': {'user': {'id': '170707425114980352'}, 'status': 'offline', 'roles': ['342709630603886594'], 'nick': 'Aki', 'guild_id': '342415166341906432', 'game': None}}
2017-11-17 00:29:35,025:DEBUG:discord.client: Dispatching event socket_response
2017-11-17 00:29:35,025:DEBUG:discord.client: Dispatching event member_update
2017-11-17 00:29:38,679:DEBUG:discord.gateway: Keeping websocket alive with sequence 26
2017-11-17 00:29:38,794:DEBUG:discord.client: Dispatching event socket_raw_receive
2017-11-17 00:29:38,794:DEBUG:discord.gateway: WebSocket Event: {'t': None, 's': None, 'op': 11, 'd': None}
2017-11-17 00:29:38,794:DEBUG:discord.client: Dispatching event socket_response
